<?xml version="1.0" encoding="UTF-8"?>
<coverage generated="1655903103273" clover="3.2.0">
  <project timestamp="1655903103273" name="All files">
    <metrics statements="28" coveredstatements="8" conditionals="32" coveredconditionals="1" methods="8" coveredmethods="1" elements="68" coveredelements="10" complexity="0" loc="28" ncloc="28" packages="2" files="2" classes="2"/>
    <package name="services">
      <metrics statements="27" coveredstatements="7" conditionals="30" coveredconditionals="0" methods="8" coveredmethods="1"/>
      <file name="characterService.ts" path="C:\Users\46293812\Desktop\DAI-TP1\src\services\characterService.ts">
        <metrics statements="27" coveredstatements="7" conditionals="30" coveredconditionals="0" methods="8" coveredmethods="1"/>
        <line num="5" count="1" type="stmt"/>
        <line num="6" count="1" type="stmt"/>
        <line num="9" count="0" type="stmt"/>
        <line num="12" count="1" type="stmt"/>
        <line num="13" count="0" type="stmt"/>
        <line num="15" count="0" type="cond" truecount="0" falsecount="2"/>
        <line num="16" count="0" type="stmt"/>
        <line num="18" count="0" type="cond" truecount="0" falsecount="2"/>
        <line num="19" count="0" type="cond" truecount="0" falsecount="2"/>
        <line num="21" count="0" type="stmt"/>
        <line num="22" count="0" type="stmt"/>
        <line num="24" count="0" type="stmt"/>
        <line num="27" count="0" type="stmt"/>
        <line num="30" count="0" type="stmt"/>
        <line num="33" count="1" type="stmt"/>
        <line num="37" count="0" type="stmt"/>
        <line num="41" count="0" type="stmt"/>
        <line num="44" count="1" type="stmt"/>
        <line num="48" count="0" type="stmt"/>
        <line num="56" count="0" type="stmt"/>
        <line num="59" count="1" type="stmt"/>
        <line num="63" count="0" type="cond" truecount="0" falsecount="2"/>
        <line num="64" count="0" type="stmt"/>
        <line num="73" count="0" type="stmt"/>
        <line num="76" count="1" type="stmt"/>
        <line num="80" count="0" type="stmt"/>
        <line num="84" count="0" type="stmt"/>
      </file>
    </package>
    <package name="utils">
      <metrics statements="1" coveredstatements="1" conditionals="2" coveredconditionals="1" methods="0" coveredmethods="0"/>
      <file name="database.ts" path="C:\Users\46293812\Desktop\DAI-TP1\src\utils\database.ts">
        <metrics statements="1" coveredstatements="1" conditionals="2" coveredconditionals="1" methods="0" coveredmethods="0"/>
        <line num="4" count="1" type="stmt"/>
      </file>
    </package>
  </project>
</coverage>
