{"C:\\Users\\46293812\\Desktop\\DAI-TP1\\src\\services\\characterService.ts": {"path":"C:\\Users\\46293812\\Desktop\\DAI-TP1\\src\\services\\characterService.ts","statementMap":{"0":{"start":{"line":5,"column":22},"end":{"line":10,"column":1}},"1":{"start":{"line":6,"column":21},"end":{"line":8,"column":36}},"2":{"start":{"line":9,"column":4},"end":{"line":9,"column":45}},"3":{"start":{"line":12,"column":32},"end":{"line":31,"column":1}},"4":{"start":{"line":13,"column":22},"end":{"line":13,"column":24}},"5":{"start":{"line":15,"column":4},"end":{"line":17,"column":32}},"6":{"start":{"line":15,"column":34},"end":{"line":17,"column":32}},"7":{"start":{"line":16,"column":23},"end":{"line":16,"column":36}},"8":{"start":{"line":18,"column":4},"end":{"line":18,"column":96}},"9":{"start":{"line":18,"column":33},"end":{"line":18,"column":96}},"10":{"start":{"line":19,"column":4},"end":{"line":19,"column":94}},"11":{"start":{"line":19,"column":32},"end":{"line":19,"column":94}},"12":{"start":{"line":21,"column":4},"end":{"line":21,"column":51}},"13":{"start":{"line":21,"column":39},"end":{"line":21,"column":49}},"14":{"start":{"line":22,"column":22},"end":{"line":22,"column":55}},"15":{"start":{"line":24,"column":4},"end":{"line":24,"column":27}},"16":{"start":{"line":27,"column":21},"end":{"line":29,"column":6}},"17":{"start":{"line":30,"column":4},"end":{"line":30,"column":45}},"18":{"start":{"line":33,"column":23},"end":{"line":42,"column":1}},"19":{"start":{"line":37,"column":21},"end":{"line":40,"column":36}},"20":{"start":{"line":41,"column":4},"end":{"line":41,"column":46}},"21":{"start":{"line":44,"column":22},"end":{"line":57,"column":1}},"22":{"start":{"line":48,"column":21},"end":{"line":55,"column":35}},"23":{"start":{"line":56,"column":4},"end":{"line":56,"column":36}},"24":{"start":{"line":59,"column":22},"end":{"line":74,"column":1}},"25":{"start":{"line":63,"column":4},"end":{"line":63,"column":58}},"26":{"start":{"line":63,"column":23},"end":{"line":63,"column":58}},"27":{"start":{"line":64,"column":21},"end":{"line":72,"column":35}},"28":{"start":{"line":73,"column":4},"end":{"line":73,"column":36}},"29":{"start":{"line":76,"column":26},"end":{"line":85,"column":1}},"30":{"start":{"line":80,"column":21},"end":{"line":83,"column":39}},"31":{"start":{"line":84,"column":4},"end":{"line":84,"column":36}}},"fnMap":{"0":{"name":"(anonymous_0)","decl":{"start":{"line":5,"column":22},"end":{"line":5,"column":23}},"loc":{"start":{"line":5,"column":74},"end":{"line":10,"column":1}},"line":5},"1":{"name":"(anonymous_1)","decl":{"start":{"line":12,"column":32},"end":{"line":12,"column":33}},"loc":{"start":{"line":12,"column":99},"end":{"line":31,"column":1}},"line":12},"2":{"name":"(anonymous_2)","decl":{"start":{"line":16,"column":13},"end":{"line":16,"column":14}},"loc":{"start":{"line":16,"column":23},"end":{"line":16,"column":36}},"line":16},"3":{"name":"(anonymous_3)","decl":{"start":{"line":21,"column":34},"end":{"line":21,"column":35}},"loc":{"start":{"line":21,"column":39},"end":{"line":21,"column":49}},"line":21},"4":{"name":"(anonymous_4)","decl":{"start":{"line":33,"column":23},"end":{"line":33,"column":24}},"loc":{"start":{"line":36,"column":25},"end":{"line":42,"column":1}},"line":36},"5":{"name":"(anonymous_5)","decl":{"start":{"line":44,"column":22},"end":{"line":44,"column":23}},"loc":{"start":{"line":47,"column":22},"end":{"line":57,"column":1}},"line":47},"6":{"name":"(anonymous_6)","decl":{"start":{"line":59,"column":22},"end":{"line":59,"column":23}},"loc":{"start":{"line":62,"column":22},"end":{"line":74,"column":1}},"line":62},"7":{"name":"(anonymous_7)","decl":{"start":{"line":76,"column":26},"end":{"line":76,"column":27}},"loc":{"start":{"line":79,"column":22},"end":{"line":85,"column":1}},"line":79}},"branchMap":{"0":{"loc":{"start":{"line":15,"column":4},"end":{"line":17,"column":32}},"type":"if","locations":[{"start":{"line":15,"column":4},"end":{"line":17,"column":32}},{"start":{},"end":{}}],"line":15},"1":{"loc":{"start":{"line":18,"column":4},"end":{"line":18,"column":96}},"type":"if","locations":[{"start":{"line":18,"column":4},"end":{"line":18,"column":96}},{"start":{},"end":{}}],"line":18},"2":{"loc":{"start":{"line":19,"column":4},"end":{"line":19,"column":94}},"type":"if","locations":[{"start":{"line":19,"column":4},"end":{"line":19,"column":94}},{"start":{},"end":{}}],"line":19},"3":{"loc":{"start":{"line":28,"column":34},"end":{"line":28,"column":72}},"type":"cond-expr","locations":[{"start":{"line":28,"column":58},"end":{"line":28,"column":67}},{"start":{"line":28,"column":70},"end":{"line":28,"column":72}}],"line":28},"4":{"loc":{"start":{"line":50,"column":43},"end":{"line":50,"column":65}},"type":"binary-expr","locations":[{"start":{"line":50,"column":43},"end":{"line":50,"column":59}},{"start":{"line":50,"column":63},"end":{"line":50,"column":65}}],"line":50},"5":{"loc":{"start":{"line":51,"column":43},"end":{"line":51,"column":65}},"type":"binary-expr","locations":[{"start":{"line":51,"column":43},"end":{"line":51,"column":59}},{"start":{"line":51,"column":63},"end":{"line":51,"column":65}}],"line":51},"6":{"loc":{"start":{"line":52,"column":32},"end":{"line":52,"column":51}},"type":"binary-expr","locations":[{"start":{"line":52,"column":32},"end":{"line":52,"column":46}},{"start":{"line":52,"column":50},"end":{"line":52,"column":51}}],"line":52},"7":{"loc":{"start":{"line":53,"column":32},"end":{"line":53,"column":51}},"type":"binary-expr","locations":[{"start":{"line":53,"column":32},"end":{"line":53,"column":46}},{"start":{"line":53,"column":50},"end":{"line":53,"column":51}}],"line":53},"8":{"loc":{"start":{"line":54,"column":45},"end":{"line":54,"column":69}},"type":"binary-expr","locations":[{"start":{"line":54,"column":45},"end":{"line":54,"column":63}},{"start":{"line":54,"column":67},"end":{"line":54,"column":69}}],"line":54},"9":{"loc":{"start":{"line":63,"column":4},"end":{"line":63,"column":58}},"type":"if","locations":[{"start":{"line":63,"column":4},"end":{"line":63,"column":58}},{"start":{},"end":{}}],"line":63},"10":{"loc":{"start":{"line":67,"column":43},"end":{"line":67,"column":65}},"type":"binary-expr","locations":[{"start":{"line":67,"column":43},"end":{"line":67,"column":59}},{"start":{"line":67,"column":63},"end":{"line":67,"column":65}}],"line":67},"11":{"loc":{"start":{"line":68,"column":43},"end":{"line":68,"column":65}},"type":"binary-expr","locations":[{"start":{"line":68,"column":43},"end":{"line":68,"column":59}},{"start":{"line":68,"column":63},"end":{"line":68,"column":65}}],"line":68},"12":{"loc":{"start":{"line":69,"column":32},"end":{"line":69,"column":51}},"type":"binary-expr","locations":[{"start":{"line":69,"column":32},"end":{"line":69,"column":46}},{"start":{"line":69,"column":50},"end":{"line":69,"column":51}}],"line":69},"13":{"loc":{"start":{"line":70,"column":32},"end":{"line":70,"column":51}},"type":"binary-expr","locations":[{"start":{"line":70,"column":32},"end":{"line":70,"column":46}},{"start":{"line":70,"column":50},"end":{"line":70,"column":51}}],"line":70},"14":{"loc":{"start":{"line":71,"column":45},"end":{"line":71,"column":69}},"type":"binary-expr","locations":[{"start":{"line":71,"column":45},"end":{"line":71,"column":63}},{"start":{"line":71,"column":67},"end":{"line":71,"column":69}}],"line":71}},"s":{"0":1,"1":1,"2":0,"3":1,"4":0,"5":0,"6":0,"7":0,"8":0,"9":0,"10":0,"11":0,"12":0,"13":0,"14":0,"15":0,"16":0,"17":0,"18":1,"19":0,"20":0,"21":1,"22":0,"23":0,"24":1,"25":0,"26":0,"27":0,"28":0,"29":1,"30":0,"31":0},"f":{"0":1,"1":0,"2":0,"3":0,"4":0,"5":0,"6":0,"7":0},"b":{"0":[0,0],"1":[0,0],"2":[0,0],"3":[0,0],"4":[0,0],"5":[0,0],"6":[0,0],"7":[0,0],"8":[0,0],"9":[0,0],"10":[0,0],"11":[0,0],"12":[0,0],"13":[0,0],"14":[0,0]},"_coverageSchema":"1a1c01bbd47fc00a2c39e90264f33305004495a9","hash":"c9fcd019e8d1a0a7c201f813ebd064a53705f7d4"}
,"C:\\Users\\46293812\\Desktop\\DAI-TP1\\src\\utils\\database.ts": {"path":"C:\\Users\\46293812\\Desktop\\DAI-TP1\\src\\utils\\database.ts","statementMap":{"0":{"start":{"line":4,"column":27},"end":{"line":13,"column":1}}},"fnMap":{},"branchMap":{"0":{"loc":{"start":{"line":8,"column":9},"end":{"line":8,"column":45}},"type":"binary-expr","locations":[{"start":{"line":8,"column":9},"end":{"line":8,"column":30}},{"start":{"line":8,"column":34},"end":{"line":8,"column":45}}],"line":8}},"s":{"0":1},"f":{},"b":{"0":[1,0]},"_coverageSchema":"1a1c01bbd47fc00a2c39e90264f33305004495a9","hash":"d591f4c6e15310c1e2694555c0502932674c4bf5"}
}
